<?xml version="1.0" encoding="UTF-8"?>
<!-- Generated by org.testng.reporters.JUnitReportReporter -->
<testsuite hostname="BHANU-LAPTOP" failures="0" tests="1" name="scripts.ValidLogin" time="12.594" errors="0" timestamp="2022-12-21T08:25:36 IST" skipped="0">
  <testcase classname="scripts.ValidLogin" name="testValidLogin" time="12.594"/>
  <system-out/>
</testsuite> <!-- scripts.ValidLogin -->
