<?xml version="1.0" encoding="UTF-8"?>
<!-- Generated by org.testng.reporters.JUnitReportReporter -->
<testsuite hostname="BHANU-LAPTOP" failures="0" tests="1" name="scripts.InvalidLogin" time="11.439" errors="0" timestamp="2022-12-22T07:44:34 IST" skipped="0">
  <testcase classname="scripts.InvalidLogin" name="testInvalidLogin" time="11.439"/>
  <system-out/>
</testsuite> <!-- scripts.InvalidLogin -->
